This file contains any messages produced by compilers while
running configure, to aid debugging if configure makes a mistake.

It was created by mwget configure 0.1.0, which was
generated by GNU Autoconf 2.67.  Invocation command line was

  $ ./configure 

## --------- ##
## Platform. ##
## --------- ##

hostname = tdface-Precision-7920-Tower
uname -m = x86_64
uname -r = 5.11.0-41-generic
uname -s = Linux
uname -v = #45~20.04.1-Ubuntu SMP Wed Nov 10 10:20:10 UTC 2021

/usr/bin/uname -p = x86_64
/bin/uname -X     = unknown

/bin/arch              = x86_64
/usr/bin/arch -k       = unknown
/usr/convex/getsysinfo = unknown
/usr/bin/hostinfo      = unknown
/bin/machine           = unknown
/usr/bin/oslevel       = unknown
/bin/universe          = unknown

PATH: /home/tdtest/.local/bin
PATH: /opt/anaconda3/bin
PATH: /opt/neo4j-community-3.4.1/bin
PATH: /usr/local/cuda-11/bin
PATH: /home/tdtest/Android/Sdk/platform-tools
PATH: /home/tdtest/Android/Sdk/tools
PATH: /home/tdtest/local_bin/bin
PATH: /home/tdtest/.local/bin
PATH: /opt/anaconda3/bin
PATH: /opt/anaconda3/condabin
PATH: /opt/neo4j-community-3.4.1/bin
PATH: /usr/local/cuda-11/bin
PATH: /home/tdtest/Android/Sdk/platform-tools
PATH: /home/tdtest/Android/Sdk/tools
PATH: /home/tdtest/local_bin/bin
PATH: /usr/local/sbin
PATH: /usr/local/bin
PATH: /usr/sbin
PATH: /usr/bin
PATH: /sbin
PATH: /bin
PATH: /usr/games
PATH: /usr/local/games
PATH: /opt/anaconda3/bin
PATH: /snap/bin
PATH: /opt/S5PV210-crosstools/4.4.6/bin
PATH: /home/tdtest/arm-temp/qt-everywhere-target/bin
PATH: /home/tdtest/local_bin
PATH: /ap/local/cpe_ci/aont_pullme/pullme
PATH: /home/tdtest/local_bin
PATH: /opt/hadoop-2.7.2/bin
PATH: /opt/hadoop-2.7.2/sbin
PATH: /home/tdtest/local_bin/TensorRT-7.0.0.11/targets/x86_64-linux-gnu/bin
PATH: /usr/local/go/bin
PATH: /home/tdtest/go/bin
PATH: /home/tdtest/local_bin/xtun/bin
PATH: /opt/S5PV210-crosstools/4.4.6/bin
PATH: /home/tdtest/arm-temp/qt-everywhere-target/bin
PATH: /home/tdtest/local_bin
PATH: /ap/local/cpe_ci/aont_pullme/pullme
PATH: /home/tdtest/local_bin
PATH: /opt/hadoop-2.7.2/bin
PATH: /opt/hadoop-2.7.2/sbin
PATH: /home/tdtest/local_bin/TensorRT-7.0.0.11/targets/x86_64-linux-gnu/bin
PATH: /usr/local/go/bin
PATH: /home/tdtest/go/bin
PATH: /home/tdtest/local_bin/xtun/bin


## ----------- ##
## Core tests. ##
## ----------- ##

configure:2786: checking for a BSD-compatible install
configure:2854: result: /usr/bin/install -c
configure:2865: checking whether build environment is sane
configure:2915: result: yes
configure:3056: checking for a thread-safe mkdir -p
configure:3095: result: /usr/bin/mkdir -p
configure:3108: checking for gawk
configure:3124: found /usr/bin/gawk
configure:3135: result: gawk
configure:3146: checking whether make sets $(MAKE)
configure:3168: result: yes
configure:3249: checking whether to enable maintainer-specific portions of Makefiles
configure:3258: result: no
configure:3333: checking for g++
configure:3349: found /usr/bin/g++
configure:3360: result: g++
configure:3387: checking for C++ compiler version
configure:3396: g++ --version >&5
g++ (Ubuntu 8.4.0-3ubuntu2) 8.4.0
Copyright (C) 2018 Free Software Foundation, Inc.
This is free software; see the source for copying conditions.  There is NO
warranty; not even for MERCHANTABILITY or FITNESS FOR A PARTICULAR PURPOSE.

configure:3407: $? = 0
configure:3396: g++ -v >&5
Using built-in specs.
COLLECT_GCC=g++
COLLECT_LTO_WRAPPER=/usr/lib/gcc/x86_64-linux-gnu/8/lto-wrapper
OFFLOAD_TARGET_NAMES=nvptx-none
OFFLOAD_TARGET_DEFAULT=1
Target: x86_64-linux-gnu
Configured with: ../src/configure -v --with-pkgversion='Ubuntu 8.4.0-3ubuntu2' --with-bugurl=file:///usr/share/doc/gcc-8/README.Bugs --enable-languages=c,ada,c++,go,brig,d,fortran,objc,obj-c++ --prefix=/usr --with-gcc-major-version-only --program-suffix=-8 --program-prefix=x86_64-linux-gnu- --enable-shared --enable-linker-build-id --libexecdir=/usr/lib --without-included-gettext --enable-threads=posix --libdir=/usr/lib --enable-nls --enable-bootstrap --enable-clocale=gnu --enable-libstdcxx-debug --enable-libstdcxx-time=yes --with-default-libstdcxx-abi=new --enable-gnu-unique-object --disable-vtable-verify --enable-libmpx --enable-plugin --enable-default-pie --with-system-zlib --with-target-system-zlib=auto --enable-objc-gc=auto --enable-multiarch --disable-werror --with-arch-32=i686 --with-abi=m64 --with-multilib-list=m32,m64,mx32 --enable-multilib --with-tune=generic --enable-offload-targets=nvptx-none --without-cuda-driver --enable-checking=release --build=x86_64-linux-gnu --host=x86_64-linux-gnu --target=x86_64-linux-gnu
Thread model: posix
gcc version 8.4.0 (Ubuntu 8.4.0-3ubuntu2) 
configure:3407: $? = 0
configure:3396: g++ -V >&5
g++: error: unrecognized command line option '-V'
g++: fatal error: no input files
compilation terminated.
configure:3407: $? = 1
configure:3396: g++ -qversion >&5
g++: error: unrecognized command line option '-qversion'; did you mean '--version'?
g++: fatal error: no input files
compilation terminated.
configure:3407: $? = 1
configure:3427: checking whether the C++ compiler works
configure:3449: g++    conftest.cpp  >&5
configure:3453: $? = 0
configure:3501: result: yes
configure:3504: checking for C++ compiler default output file name
configure:3506: result: a.out
configure:3512: checking for suffix of executables
configure:3519: g++ -o conftest    conftest.cpp  >&5
configure:3523: $? = 0
configure:3545: result: 
configure:3567: checking whether we are cross compiling
configure:3575: g++ -o conftest    conftest.cpp  >&5
configure:3579: $? = 0
configure:3586: ./conftest
configure:3590: $? = 0
configure:3578: result: no
configure:3583: checking for suffix of object files
configure:3605: g++ -c   conftest.cpp >&5
configure:3609: $? = 0
configure:3630: result: o
configure:3634: checking whether we are using the GNU C++ compiler
configure:3653: g++ -c   conftest.cpp >&5
configure:3653: $? = 0
configure:3662: result: yes
configure:3671: checking whether g++ accepts -g
configure:3691: g++ -c -g  conftest.cpp >&5
configure:3691: $? = 0
configure:3732: result: yes
configure:3766: checking for style of include used by make
configure:3794: result: GNU
configure:3819: checking dependency style of g++
configure:3929: result: gcc3
configure:3992: checking for gcc
configure:4008: found /usr/bin/gcc
configure:4019: result: gcc
configure:4248: checking for C compiler version
configure:4257: gcc --version >&5
gcc (Ubuntu 8.4.0-3ubuntu2) 8.4.0
Copyright (C) 2018 Free Software Foundation, Inc.
This is free software; see the source for copying conditions.  There is NO
warranty; not even for MERCHANTABILITY or FITNESS FOR A PARTICULAR PURPOSE.

configure:4268: $? = 0
configure:4257: gcc -v >&5
Using built-in specs.
COLLECT_GCC=gcc
COLLECT_LTO_WRAPPER=/usr/lib/gcc/x86_64-linux-gnu/8/lto-wrapper
OFFLOAD_TARGET_NAMES=nvptx-none
OFFLOAD_TARGET_DEFAULT=1
Target: x86_64-linux-gnu
Configured with: ../src/configure -v --with-pkgversion='Ubuntu 8.4.0-3ubuntu2' --with-bugurl=file:///usr/share/doc/gcc-8/README.Bugs --enable-languages=c,ada,c++,go,brig,d,fortran,objc,obj-c++ --prefix=/usr --with-gcc-major-version-only --program-suffix=-8 --program-prefix=x86_64-linux-gnu- --enable-shared --enable-linker-build-id --libexecdir=/usr/lib --without-included-gettext --enable-threads=posix --libdir=/usr/lib --enable-nls --enable-bootstrap --enable-clocale=gnu --enable-libstdcxx-debug --enable-libstdcxx-time=yes --with-default-libstdcxx-abi=new --enable-gnu-unique-object --disable-vtable-verify --enable-libmpx --enable-plugin --enable-default-pie --with-system-zlib --with-target-system-zlib=auto --enable-objc-gc=auto --enable-multiarch --disable-werror --with-arch-32=i686 --with-abi=m64 --with-multilib-list=m32,m64,mx32 --enable-multilib --with-tune=generic --enable-offload-targets=nvptx-none --without-cuda-driver --enable-checking=release --build=x86_64-linux-gnu --host=x86_64-linux-gnu --target=x86_64-linux-gnu
Thread model: posix
gcc version 8.4.0 (Ubuntu 8.4.0-3ubuntu2) 
configure:4268: $? = 0
configure:4257: gcc -V >&5
gcc: error: unrecognized command line option '-V'
gcc: fatal error: no input files
compilation terminated.
configure:4268: $? = 1
configure:4257: gcc -qversion >&5
gcc: error: unrecognized command line option '-qversion'; did you mean '--version'?
gcc: fatal error: no input files
compilation terminated.
configure:4268: $? = 1
configure:4272: checking whether we are using the GNU C compiler
configure:4291: gcc -c   conftest.c >&5
configure:4291: $? = 0
configure:4300: result: yes
configure:4309: checking whether gcc accepts -g
configure:4329: gcc -c -g  conftest.c >&5
configure:4329: $? = 0
configure:4370: result: yes
configure:4387: checking for gcc option to accept ISO C89
configure:4451: gcc  -c -g -O2  conftest.c >&5
configure:4451: $? = 0
configure:4464: result: none needed
configure:4486: checking dependency style of gcc
configure:4596: result: gcc3
configure:4616: checking how to run the C preprocessor
configure:4647: gcc -E  conftest.c
configure:4647: $? = 0
configure:4661: gcc -E  conftest.c
conftest.c:11:10: fatal error: ac_nonexistent.h: No such file or directory
 #include <ac_nonexistent.h>
          ^~~~~~~~~~~~~~~~~~
compilation terminated.
configure:4661: $? = 1
configure: failed program was:
| /* confdefs.h */
| #define PACKAGE_NAME "mwget"
| #define PACKAGE_TARNAME "mwget"
| #define PACKAGE_VERSION "0.1.0"
| #define PACKAGE_STRING "mwget 0.1.0"
| #define PACKAGE_BUGREPORT "sa@kmlinux.tk"
| #define PACKAGE_URL ""
| #define PACKAGE "mwget"
| #define VERSION "0.1.0"
| /* end confdefs.h.  */
| #include <ac_nonexistent.h>
configure:4686: result: gcc -E
configure:4706: gcc -E  conftest.c
configure:4706: $? = 0
configure:4720: gcc -E  conftest.c
conftest.c:11:10: fatal error: ac_nonexistent.h: No such file or directory
 #include <ac_nonexistent.h>
          ^~~~~~~~~~~~~~~~~~
compilation terminated.
configure:4720: $? = 1
configure: failed program was:
| /* confdefs.h */
| #define PACKAGE_NAME "mwget"
| #define PACKAGE_TARNAME "mwget"
| #define PACKAGE_VERSION "0.1.0"
| #define PACKAGE_STRING "mwget 0.1.0"
| #define PACKAGE_BUGREPORT "sa@kmlinux.tk"
| #define PACKAGE_URL ""
| #define PACKAGE "mwget"
| #define VERSION "0.1.0"
| /* end confdefs.h.  */
| #include <ac_nonexistent.h>
configure:4749: checking whether ln -s works
configure:4753: result: yes
configure:4760: checking whether make sets $(MAKE)
configure:4782: result: yes
configure:4834: checking for ranlib
configure:4850: found /usr/bin/ranlib
configure:4861: result: ranlib
configure:4893: checking for special C compiler options needed for large files
configure:4938: result: no
configure:4944: checking for _FILE_OFFSET_BITS value needed for large files
configure:4969: gcc -c -g -O2  conftest.c >&5
configure:4969: $? = 0
configure:5001: result: no
configure:5085: checking for grep that handles long lines and -e
configure:5143: result: /usr/bin/grep
configure:5148: checking for egrep
configure:5210: result: /usr/bin/grep -E
configure:5215: checking for ANSI C header files
configure:5235: gcc -c -g -O2  conftest.c >&5
configure:5235: $? = 0
configure:5308: gcc -o conftest -g -O2   conftest.c  >&5
configure:5308: $? = 0
configure:5308: ./conftest
configure:5308: $? = 0
configure:5319: result: yes
configure:5332: checking for sys/types.h
configure:5332: gcc -c -g -O2  conftest.c >&5
configure:5332: $? = 0
configure:5332: result: yes
configure:5332: checking for sys/stat.h
configure:5332: gcc -c -g -O2  conftest.c >&5
configure:5332: $? = 0
configure:5332: result: yes
configure:5332: checking for stdlib.h
configure:5332: gcc -c -g -O2  conftest.c >&5
configure:5332: $? = 0
configure:5332: result: yes
configure:5332: checking for string.h
configure:5332: gcc -c -g -O2  conftest.c >&5
configure:5332: $? = 0
configure:5332: result: yes
configure:5332: checking for memory.h
configure:5332: gcc -c -g -O2  conftest.c >&5
configure:5332: $? = 0
configure:5332: result: yes
configure:5332: checking for strings.h
configure:5332: gcc -c -g -O2  conftest.c >&5
configure:5332: $? = 0
configure:5332: result: yes
configure:5332: checking for inttypes.h
configure:5332: gcc -c -g -O2  conftest.c >&5
configure:5332: $? = 0
configure:5332: result: yes
configure:5332: checking for stdint.h
configure:5332: gcc -c -g -O2  conftest.c >&5
configure:5332: $? = 0
configure:5332: result: yes
configure:5332: checking for unistd.h
configure:5332: gcc -c -g -O2  conftest.c >&5
configure:5332: $? = 0
configure:5332: result: yes
configure:5348: checking size of off_t
configure:5353: gcc -o conftest -g -O2   conftest.c  >&5
configure:5353: $? = 0
configure:5353: ./conftest
configure:5353: $? = 0
configure:5367: result: 8
configure:5381: checking for pthread_create in -lpthread
configure:5406: gcc -o conftest -g -O2   conftest.c -lpthread   >&5
configure:5406: $? = 0
configure:5415: result: yes
configure:5482: checking for pkg-config
configure:5500: found /usr/bin/pkg-config
configure:5512: result: /usr/bin/pkg-config
configure:5537: checking pkg-config is at least version 0.9.0
configure:5540: result: yes
configure:5550: checking for OPENSSL
configure:5557: $PKG_CONFIG --exists --print-errors "openssl"
configure:5560: $? = 0
configure:5573: $PKG_CONFIG --exists --print-errors "openssl"
configure:5576: $? = 0
configure:5633: result: yes
configure:5643: checking for ANSI C header files
configure:5747: result: yes
configure:5758: checking arpa/inet.h usability
configure:5758: gcc -c -g -O2  conftest.c >&5
configure:5758: $? = 0
configure:5758: result: yes
configure:5758: checking arpa/inet.h presence
configure:5758: gcc -E  conftest.c
configure:5758: $? = 0
configure:5758: result: yes
configure:5758: checking for arpa/inet.h
configure:5758: result: yes
configure:5758: checking fcntl.h usability
configure:5758: gcc -c -g -O2  conftest.c >&5
configure:5758: $? = 0
configure:5758: result: yes
configure:5758: checking fcntl.h presence
configure:5758: gcc -E  conftest.c
configure:5758: $? = 0
configure:5758: result: yes
configure:5758: checking for fcntl.h
configure:5758: result: yes
configure:5758: checking netdb.h usability
configure:5758: gcc -c -g -O2  conftest.c >&5
configure:5758: $? = 0
configure:5758: result: yes
configure:5758: checking netdb.h presence
configure:5758: gcc -E  conftest.c
configure:5758: $? = 0
configure:5758: result: yes
configure:5758: checking for netdb.h
configure:5758: result: yes
configure:5758: checking for stdlib.h
configure:5758: result: yes
configure:5758: checking for strings.h
configure:5758: result: yes
configure:5758: checking sys/ioctl.h usability
configure:5758: gcc -c -g -O2  conftest.c >&5
configure:5758: $? = 0
configure:5758: result: yes
configure:5758: checking sys/ioctl.h presence
configure:5758: gcc -E  conftest.c
configure:5758: $? = 0
configure:5758: result: yes
configure:5758: checking for sys/ioctl.h
configure:5758: result: yes
configure:5758: checking sys/socket.h usability
configure:5758: gcc -c -g -O2  conftest.c >&5
configure:5758: $? = 0
configure:5758: result: yes
configure:5758: checking sys/socket.h presence
configure:5758: gcc -E  conftest.c
configure:5758: $? = 0
configure:5758: result: yes
configure:5758: checking for sys/socket.h
configure:5758: result: yes
configure:5758: checking sys/time.h usability
configure:5758: gcc -c -g -O2  conftest.c >&5
configure:5758: $? = 0
configure:5758: result: yes
configure:5758: checking sys/time.h presence
configure:5758: gcc -E  conftest.c
configure:5758: $? = 0
configure:5758: result: yes
configure:5758: checking for sys/time.h
configure:5758: result: yes
configure:5758: checking termios.h usability
configure:5758: gcc -c -g -O2  conftest.c >&5
configure:5758: $? = 0
configure:5758: result: yes
configure:5758: checking termios.h presence
configure:5758: gcc -E  conftest.c
configure:5758: $? = 0
configure:5758: result: yes
configure:5758: checking for termios.h
configure:5758: result: yes
configure:5758: checking for unistd.h
configure:5758: result: yes
configure:5770: checking for stdbool.h that conforms to C99
configure:5855: gcc -c -g -O2  conftest.c >&5
configure:5855: $? = 0
configure:5862: result: yes
configure:5864: checking for _Bool
configure:5864: gcc -c -g -O2  conftest.c >&5
configure:5864: $? = 0
configure:5864: gcc -c -g -O2  conftest.c >&5
conftest.c: In function 'main':
conftest.c:71:20: error: expected expression before ')' token
 if (sizeof ((_Bool)))
                    ^
configure:5864: $? = 1
configure: failed program was:
| /* confdefs.h */
| #define PACKAGE_NAME "mwget"
| #define PACKAGE_TARNAME "mwget"
| #define PACKAGE_VERSION "0.1.0"
| #define PACKAGE_STRING "mwget 0.1.0"
| #define PACKAGE_BUGREPORT "sa@kmlinux.tk"
| #define PACKAGE_URL ""
| #define PACKAGE "mwget"
| #define VERSION "0.1.0"
| #define STDC_HEADERS 1
| #define HAVE_SYS_TYPES_H 1
| #define HAVE_SYS_STAT_H 1
| #define HAVE_STDLIB_H 1
| #define HAVE_STRING_H 1
| #define HAVE_MEMORY_H 1
| #define HAVE_STRINGS_H 1
| #define HAVE_INTTYPES_H 1
| #define HAVE_STDINT_H 1
| #define HAVE_UNISTD_H 1
| #define SIZEOF_OFF_T 8
| #define HAVE_LIBPTHREAD 1
| #define HAVE_SSL /**/
| #define STDC_HEADERS 1
| #define HAVE_ARPA_INET_H 1
| #define HAVE_FCNTL_H 1
| #define HAVE_NETDB_H 1
| #define HAVE_STDLIB_H 1
| #define HAVE_STRINGS_H 1
| #define HAVE_SYS_IOCTL_H 1
| #define HAVE_SYS_SOCKET_H 1
| #define HAVE_SYS_TIME_H 1
| #define HAVE_TERMIOS_H 1
| #define HAVE_UNISTD_H 1
| /* end confdefs.h.  */
| #include <stdio.h>
| #ifdef HAVE_SYS_TYPES_H
| # include <sys/types.h>
| #endif
| #ifdef HAVE_SYS_STAT_H
| # include <sys/stat.h>
| #endif
| #ifdef STDC_HEADERS
| # include <stdlib.h>
| # include <stddef.h>
| #else
| # ifdef HAVE_STDLIB_H
| #  include <stdlib.h>
| # endif
| #endif
| #ifdef HAVE_STRING_H
| # if !defined STDC_HEADERS && defined HAVE_MEMORY_H
| #  include <memory.h>
| # endif
| # include <string.h>
| #endif
| #ifdef HAVE_STRINGS_H
| # include <strings.h>
| #endif
| #ifdef HAVE_INTTYPES_H
| # include <inttypes.h>
| #endif
| #ifdef HAVE_STDINT_H
| # include <stdint.h>
| #endif
| #ifdef HAVE_UNISTD_H
| # include <unistd.h>
| #endif
| int
| main ()
| {
| if (sizeof ((_Bool)))
| 	    return 0;
|   ;
|   return 0;
| }
configure:5864: result: yes
configure:5880: checking for an ANSI C-conforming const
configure:5945: gcc -c -g -O2  conftest.c >&5
configure:5945: $? = 0
configure:5952: result: yes
configure:5960: checking for mode_t
configure:5960: gcc -c -g -O2  conftest.c >&5
configure:5960: $? = 0
configure:5960: gcc -c -g -O2  conftest.c >&5
conftest.c: In function 'main':
conftest.c:73:21: error: expected expression before ')' token
 if (sizeof ((mode_t)))
                     ^
configure:5960: $? = 1
configure: failed program was:
| /* confdefs.h */
| #define PACKAGE_NAME "mwget"
| #define PACKAGE_TARNAME "mwget"
| #define PACKAGE_VERSION "0.1.0"
| #define PACKAGE_STRING "mwget 0.1.0"
| #define PACKAGE_BUGREPORT "sa@kmlinux.tk"
| #define PACKAGE_URL ""
| #define PACKAGE "mwget"
| #define VERSION "0.1.0"
| #define STDC_HEADERS 1
| #define HAVE_SYS_TYPES_H 1
| #define HAVE_SYS_STAT_H 1
| #define HAVE_STDLIB_H 1
| #define HAVE_STRING_H 1
| #define HAVE_MEMORY_H 1
| #define HAVE_STRINGS_H 1
| #define HAVE_INTTYPES_H 1
| #define HAVE_STDINT_H 1
| #define HAVE_UNISTD_H 1
| #define SIZEOF_OFF_T 8
| #define HAVE_LIBPTHREAD 1
| #define HAVE_SSL /**/
| #define STDC_HEADERS 1
| #define HAVE_ARPA_INET_H 1
| #define HAVE_FCNTL_H 1
| #define HAVE_NETDB_H 1
| #define HAVE_STDLIB_H 1
| #define HAVE_STRINGS_H 1
| #define HAVE_SYS_IOCTL_H 1
| #define HAVE_SYS_SOCKET_H 1
| #define HAVE_SYS_TIME_H 1
| #define HAVE_TERMIOS_H 1
| #define HAVE_UNISTD_H 1
| #define HAVE__BOOL 1
| #define HAVE_STDBOOL_H 1
| /* end confdefs.h.  */
| #include <stdio.h>
| #ifdef HAVE_SYS_TYPES_H
| # include <sys/types.h>
| #endif
| #ifdef HAVE_SYS_STAT_H
| # include <sys/stat.h>
| #endif
| #ifdef STDC_HEADERS
| # include <stdlib.h>
| # include <stddef.h>
| #else
| # ifdef HAVE_STDLIB_H
| #  include <stdlib.h>
| # endif
| #endif
| #ifdef HAVE_STRING_H
| # if !defined STDC_HEADERS && defined HAVE_MEMORY_H
| #  include <memory.h>
| # endif
| # include <string.h>
| #endif
| #ifdef HAVE_STRINGS_H
| # include <strings.h>
| #endif
| #ifdef HAVE_INTTYPES_H
| # include <inttypes.h>
| #endif
| #ifdef HAVE_STDINT_H
| # include <stdint.h>
| #endif
| #ifdef HAVE_UNISTD_H
| # include <unistd.h>
| #endif
| int
| main ()
| {
| if (sizeof ((mode_t)))
| 	    return 0;
|   ;
|   return 0;
| }
configure:5960: result: yes
configure:5971: checking for off_t
configure:5971: gcc -c -g -O2  conftest.c >&5
configure:5971: $? = 0
configure:5971: gcc -c -g -O2  conftest.c >&5
conftest.c: In function 'main':
conftest.c:73:20: error: expected expression before ')' token
 if (sizeof ((off_t)))
                    ^
configure:5971: $? = 1
configure: failed program was:
| /* confdefs.h */
| #define PACKAGE_NAME "mwget"
| #define PACKAGE_TARNAME "mwget"
| #define PACKAGE_VERSION "0.1.0"
| #define PACKAGE_STRING "mwget 0.1.0"
| #define PACKAGE_BUGREPORT "sa@kmlinux.tk"
| #define PACKAGE_URL ""
| #define PACKAGE "mwget"
| #define VERSION "0.1.0"
| #define STDC_HEADERS 1
| #define HAVE_SYS_TYPES_H 1
| #define HAVE_SYS_STAT_H 1
| #define HAVE_STDLIB_H 1
| #define HAVE_STRING_H 1
| #define HAVE_MEMORY_H 1
| #define HAVE_STRINGS_H 1
| #define HAVE_INTTYPES_H 1
| #define HAVE_STDINT_H 1
| #define HAVE_UNISTD_H 1
| #define SIZEOF_OFF_T 8
| #define HAVE_LIBPTHREAD 1
| #define HAVE_SSL /**/
| #define STDC_HEADERS 1
| #define HAVE_ARPA_INET_H 1
| #define HAVE_FCNTL_H 1
| #define HAVE_NETDB_H 1
| #define HAVE_STDLIB_H 1
| #define HAVE_STRINGS_H 1
| #define HAVE_SYS_IOCTL_H 1
| #define HAVE_SYS_SOCKET_H 1
| #define HAVE_SYS_TIME_H 1
| #define HAVE_TERMIOS_H 1
| #define HAVE_UNISTD_H 1
| #define HAVE__BOOL 1
| #define HAVE_STDBOOL_H 1
| /* end confdefs.h.  */
| #include <stdio.h>
| #ifdef HAVE_SYS_TYPES_H
| # include <sys/types.h>
| #endif
| #ifdef HAVE_SYS_STAT_H
| # include <sys/stat.h>
| #endif
| #ifdef STDC_HEADERS
| # include <stdlib.h>
| # include <stddef.h>
| #else
| # ifdef HAVE_STDLIB_H
| #  include <stdlib.h>
| # endif
| #endif
| #ifdef HAVE_STRING_H
| # if !defined STDC_HEADERS && defined HAVE_MEMORY_H
| #  include <memory.h>
| # endif
| # include <string.h>
| #endif
| #ifdef HAVE_STRINGS_H
| # include <strings.h>
| #endif
| #ifdef HAVE_INTTYPES_H
| # include <inttypes.h>
| #endif
| #ifdef HAVE_STDINT_H
| # include <stdint.h>
| #endif
| #ifdef HAVE_UNISTD_H
| # include <unistd.h>
| #endif
| int
| main ()
| {
| if (sizeof ((off_t)))
| 	    return 0;
|   ;
|   return 0;
| }
configure:5971: result: yes
configure:5982: checking whether time.h and sys/time.h may both be included
configure:6002: gcc -c -g -O2  conftest.c >&5
configure:6002: $? = 0
configure:6009: result: yes
configure:6017: checking whether struct tm is in sys/time.h or time.h
configure:6037: gcc -c -g -O2  conftest.c >&5
configure:6037: $? = 0
configure:6044: result: time.h
configure:6063: checking locale.h usability
configure:6063: gcc -c -g -O2  conftest.c >&5
configure:6063: $? = 0
configure:6063: result: yes
configure:6063: checking locale.h presence
configure:6063: gcc -E  conftest.c
configure:6063: $? = 0
configure:6063: result: yes
configure:6063: checking for locale.h
configure:6063: result: yes
configure:6074: checking for LC_MESSAGES
configure:6090: gcc -o conftest -g -O2   conftest.c -lpthread  >&5
configure:6090: $? = 0
configure:6098: result: yes
configure:6115: checking libintl.h usability
configure:6115: gcc -c -g -O2  conftest.c >&5
configure:6115: $? = 0
configure:6115: result: yes
configure:6115: checking libintl.h presence
configure:6115: gcc -E  conftest.c
configure:6115: $? = 0
configure:6115: result: yes
configure:6115: checking for libintl.h
configure:6115: result: yes
configure:6123: checking for ngettext in libc
configure:6141: gcc -o conftest -g -O2   conftest.c -lpthread  >&5
configure:6141: $? = 0
configure:6150: result: yes
configure:6154: checking for dgettext in libc
configure:6172: gcc -o conftest -g -O2   conftest.c -lpthread  >&5
configure:6172: $? = 0
configure:6181: result: yes
configure:6188: checking for bind_textdomain_codeset
configure:6188: gcc -o conftest -g -O2   conftest.c -lpthread  >&5
configure:6188: $? = 0
configure:6188: result: yes
configure:6464: checking for msgfmt
configure:6491: result: /usr/bin/msgfmt
configure:6502: checking for dcgettext
configure:6502: gcc -o conftest -g -O2   conftest.c -lpthread   >&5
conftest.c:66:6: warning: conflicting types for built-in function 'dcgettext' [-Wbuiltin-declaration-mismatch]
 char dcgettext ();
      ^~~~~~~~~
configure:6502: $? = 0
configure:6502: result: yes
configure:6512: checking if msgfmt accepts -c
configure:6527: $MSGFMT -c -o /dev/null conftest.foo
conftest.foo:3: warning: header field 'Language' missing in header
configure:6530: $? = 0
configure:6532: result: yes
configure:6542: checking for gmsgfmt
configure:6573: result: /usr/bin/msgfmt
configure:6583: checking for xgettext
configure:6610: result: /usr/bin/xgettext
configure:6629: gcc -o conftest -g -O2   conftest.c -lpthread   >&5
configure:6629: $? = 0
configure:6765: checking whether NLS is requested
configure:6774: result: yes
configure:6789: checking for intltool >= 0.35.0
configure:6796: result:  found
configure:6799: error: Your intltool is too old.  You need intltool 0.35.0 or later.

## ---------------- ##
## Cache variables. ##
## ---------------- ##

ac_cv_c_compiler_gnu=yes
ac_cv_c_const=yes
ac_cv_cxx_compiler_gnu=yes
ac_cv_env_CCC_set=
ac_cv_env_CCC_value=
ac_cv_env_CC_set=
ac_cv_env_CC_value=
ac_cv_env_CFLAGS_set=
ac_cv_env_CFLAGS_value=
ac_cv_env_CPPFLAGS_set=
ac_cv_env_CPPFLAGS_value=
ac_cv_env_CPP_set=
ac_cv_env_CPP_value=
ac_cv_env_CXXCPP_set=
ac_cv_env_CXXCPP_value=
ac_cv_env_CXXFLAGS_set=
ac_cv_env_CXXFLAGS_value=
ac_cv_env_CXX_set=
ac_cv_env_CXX_value=
ac_cv_env_LDFLAGS_set=
ac_cv_env_LDFLAGS_value=
ac_cv_env_LIBS_set=
ac_cv_env_LIBS_value=
ac_cv_env_OPENSSL_CFLAGS_set=
ac_cv_env_OPENSSL_CFLAGS_value=
ac_cv_env_OPENSSL_LIBS_set=
ac_cv_env_OPENSSL_LIBS_value=
ac_cv_env_PKG_CONFIG_LIBDIR_set=
ac_cv_env_PKG_CONFIG_LIBDIR_value=
ac_cv_env_PKG_CONFIG_PATH_set=set
ac_cv_env_PKG_CONFIG_PATH_value=:/usr/lib/x86_64-linux-gnu/pkgconfig/:/usr/lib/x86_64-linux-gnu/pkgconfig/
ac_cv_env_PKG_CONFIG_set=
ac_cv_env_PKG_CONFIG_value=
ac_cv_env_build_alias_set=
ac_cv_env_build_alias_value=
ac_cv_env_host_alias_set=
ac_cv_env_host_alias_value=
ac_cv_env_target_alias_set=
ac_cv_env_target_alias_value=
ac_cv_func_bind_textdomain_codeset=yes
ac_cv_func_dcgettext=yes
ac_cv_header_arpa_inet_h=yes
ac_cv_header_fcntl_h=yes
ac_cv_header_inttypes_h=yes
ac_cv_header_libintl_h=yes
ac_cv_header_locale_h=yes
ac_cv_header_memory_h=yes
ac_cv_header_netdb_h=yes
ac_cv_header_stdbool_h=yes
ac_cv_header_stdc=yes
ac_cv_header_stdint_h=yes
ac_cv_header_stdlib_h=yes
ac_cv_header_string_h=yes
ac_cv_header_strings_h=yes
ac_cv_header_sys_ioctl_h=yes
ac_cv_header_sys_socket_h=yes
ac_cv_header_sys_stat_h=yes
ac_cv_header_sys_time_h=yes
ac_cv_header_sys_types_h=yes
ac_cv_header_termios_h=yes
ac_cv_header_time=yes
ac_cv_header_unistd_h=yes
ac_cv_lib_pthread_pthread_create=yes
ac_cv_objext=o
ac_cv_path_EGREP='/usr/bin/grep -E'
ac_cv_path_GMSGFMT=/usr/bin/msgfmt
ac_cv_path_GREP=/usr/bin/grep
ac_cv_path_MSGFMT=/usr/bin/msgfmt
ac_cv_path_XGETTEXT=/usr/bin/xgettext
ac_cv_path_ac_pt_PKG_CONFIG=/usr/bin/pkg-config
ac_cv_path_install='/usr/bin/install -c'
ac_cv_path_mkdir=/usr/bin/mkdir
ac_cv_prog_AWK=gawk
ac_cv_prog_CPP='gcc -E'
ac_cv_prog_ac_ct_CC=gcc
ac_cv_prog_ac_ct_CXX=g++
ac_cv_prog_ac_ct_RANLIB=ranlib
ac_cv_prog_cc_c89=
ac_cv_prog_cc_g=yes
ac_cv_prog_cxx_g=yes
ac_cv_prog_make_make_set=yes
ac_cv_sizeof_off_t=8
ac_cv_struct_tm=time.h
ac_cv_sys_file_offset_bits=no
ac_cv_sys_largefile_CC=no
ac_cv_type__Bool=yes
ac_cv_type_mode_t=yes
ac_cv_type_off_t=yes
am_cv_CC_dependencies_compiler_type=gcc3
am_cv_CXX_dependencies_compiler_type=gcc3
am_cv_val_LC_MESSAGES=yes
gt_cv_func_dgettext_libc=yes
gt_cv_func_dgettext_libintl=no
gt_cv_func_ngettext_libc=yes
gt_cv_have_gettext=yes
pkg_cv_OPENSSL_CFLAGS=
pkg_cv_OPENSSL_LIBS='-lssl -lcrypto'

## ----------------- ##
## Output variables. ##
## ----------------- ##

ACLOCAL='${SHELL} /home/tdtest/local_bin/mwget_0.1.0.orig/missing --run aclocal-1.11'
ALL_LINGUAS=''
AMDEPBACKSLASH='\'
AMDEP_FALSE='#'
AMDEP_TRUE=''
AMTAR='${SHELL} /home/tdtest/local_bin/mwget_0.1.0.orig/missing --run tar'
AR=''
AUTOCONF='${SHELL} /home/tdtest/local_bin/mwget_0.1.0.orig/missing --run autoconf'
AUTOHEADER='${SHELL} /home/tdtest/local_bin/mwget_0.1.0.orig/missing --run autoheader'
AUTOMAKE='${SHELL} /home/tdtest/local_bin/mwget_0.1.0.orig/missing --run automake-1.11'
AWK='gawk'
CATALOGS=''
CATOBJEXT='.gmo'
CC='gcc'
CCDEPMODE='depmode=gcc3'
CFLAGS='-g -O2'
CPP='gcc -E'
CPPFLAGS=''
CXX='g++'
CXXCPP=''
CXXDEPMODE='depmode=gcc3'
CXXFLAGS='-D_FILE_OFFSET_BITS=64'
CYGPATH_W='echo'
DATADIRNAME='share'
DEFS=''
DEPDIR='.deps'
DSYMUTIL=''
DUMPBIN=''
ECHO_C=''
ECHO_N='-n'
ECHO_T=''
EGREP='/usr/bin/grep -E'
EXEEXT=''
FGREP=''
GETTEXT_PACKAGE='mwget'
GMOFILES=''
GMSGFMT='/usr/bin/msgfmt'
GREP='/usr/bin/grep'
INSTALL_DATA='${INSTALL} -m 644'
INSTALL_PROGRAM='${INSTALL}'
INSTALL_SCRIPT='${INSTALL}'
INSTALL_STRIP_PROGRAM='$(install_sh) -c -s'
INSTOBJEXT='.mo'
INTLLIBS=''
INTLTOOL_CAVES_RULE=''
INTLTOOL_DESKTOP_RULE=''
INTLTOOL_DIRECTORY_RULE=''
INTLTOOL_EXTRACT=''
INTLTOOL_KBD_RULE=''
INTLTOOL_KEYS_RULE=''
INTLTOOL_MERGE=''
INTLTOOL_OAF_RULE=''
INTLTOOL_PERL=''
INTLTOOL_POLICY_RULE=''
INTLTOOL_PONG_RULE=''
INTLTOOL_PROP_RULE=''
INTLTOOL_SCHEMAS_RULE=''
INTLTOOL_SERVER_RULE=''
INTLTOOL_SERVICE_RULE=''
INTLTOOL_SHEET_RULE=''
INTLTOOL_SOUNDLIST_RULE=''
INTLTOOL_THEME_RULE=''
INTLTOOL_UI_RULE=''
INTLTOOL_UPDATE=''
INTLTOOL_XAM_RULE=''
INTLTOOL_XML_NOMERGE_RULE=''
INTLTOOL_XML_RULE=''
LD=''
LDFLAGS=''
LIBOBJS=''
LIBS='-lpthread '
LIBTOOL=''
LIPO=''
LN_S='ln -s'
LTLIBOBJS=''
MAINT='#'
MAINTAINER_MODE_FALSE=''
MAINTAINER_MODE_TRUE='#'
MAKEINFO='${SHELL} /home/tdtest/local_bin/mwget_0.1.0.orig/missing --run makeinfo'
MKDIR_P='/usr/bin/mkdir -p'
MKINSTALLDIRS='./mkinstalldirs'
MSGFMT='/usr/bin/msgfmt'
MSGFMT_OPTS='-c'
MSGMERGE=''
NM=''
NMEDIT=''
OBJDUMP=''
OBJEXT='o'
OPENSSL_CFLAGS=''
OPENSSL_LIBS='-lssl -lcrypto'
OTOOL64=''
OTOOL=''
PACKAGE='mwget'
PACKAGE_BUGREPORT='sa@kmlinux.tk'
PACKAGE_NAME='mwget'
PACKAGE_STRING='mwget 0.1.0'
PACKAGE_TARNAME='mwget'
PACKAGE_URL=''
PACKAGE_VERSION='0.1.0'
PATH_SEPARATOR=':'
PKG_CONFIG='/usr/bin/pkg-config'
PKG_CONFIG_LIBDIR=''
PKG_CONFIG_PATH=':/usr/lib/x86_64-linux-gnu/pkgconfig/:/usr/lib/x86_64-linux-gnu/pkgconfig/'
POFILES=''
POSUB='po'
PO_IN_DATADIR_FALSE=''
PO_IN_DATADIR_TRUE=''
RANLIB='ranlib'
SED=''
SET_MAKE=''
SHELL='/bin/bash'
STRIP=''
USE_NLS='yes'
VERSION='0.1.0'
XGETTEXT='/usr/bin/xgettext'
ac_ct_CC='gcc'
ac_ct_CXX='g++'
ac_ct_DUMPBIN=''
am__EXEEXT_FALSE=''
am__EXEEXT_TRUE=''
am__fastdepCC_FALSE='#'
am__fastdepCC_TRUE=''
am__fastdepCXX_FALSE='#'
am__fastdepCXX_TRUE=''
am__include='include'
am__isrc=''
am__leading_dot='.'
am__quote=''
am__tar='${AMTAR} chof - "$$tardir"'
am__untar='${AMTAR} xf -'
bindir='${exec_prefix}/bin'
build=''
build_alias=''
build_cpu=''
build_os=''
build_vendor=''
datadir='${datarootdir}'
datarootdir='${prefix}/share'
docdir='${datarootdir}/doc/${PACKAGE_TARNAME}'
dvidir='${docdir}'
exec_prefix='NONE'
host=''
host_alias=''
host_cpu=''
host_os=''
host_vendor=''
htmldir='${docdir}'
includedir='${prefix}/include'
infodir='${datarootdir}/info'
install_sh='${SHELL} /home/tdtest/local_bin/mwget_0.1.0.orig/install-sh'
libdir='${exec_prefix}/lib'
libexecdir='${exec_prefix}/libexec'
localedir='${datarootdir}/locale'
localstatedir='${prefix}/var'
lt_ECHO='echo'
mandir='${datarootdir}/man'
mkdir_p='/usr/bin/mkdir -p'
oldincludedir='/usr/include'
pdfdir='${docdir}'
prefix='NONE'
program_transform_name='s,x,x,'
psdir='${docdir}'
sbindir='${exec_prefix}/sbin'
sharedstatedir='${prefix}/com'
sysconfdir='${prefix}/etc'
target_alias=''

## ----------- ##
## confdefs.h. ##
## ----------- ##

/* confdefs.h */
#define PACKAGE_NAME "mwget"
#define PACKAGE_TARNAME "mwget"
#define PACKAGE_VERSION "0.1.0"
#define PACKAGE_STRING "mwget 0.1.0"
#define PACKAGE_BUGREPORT "sa@kmlinux.tk"
#define PACKAGE_URL ""
#define PACKAGE "mwget"
#define VERSION "0.1.0"
#define STDC_HEADERS 1
#define HAVE_SYS_TYPES_H 1
#define HAVE_SYS_STAT_H 1
#define HAVE_STDLIB_H 1
#define HAVE_STRING_H 1
#define HAVE_MEMORY_H 1
#define HAVE_STRINGS_H 1
#define HAVE_INTTYPES_H 1
#define HAVE_STDINT_H 1
#define HAVE_UNISTD_H 1
#define SIZEOF_OFF_T 8
#define HAVE_LIBPTHREAD 1
#define HAVE_SSL /**/
#define STDC_HEADERS 1
#define HAVE_ARPA_INET_H 1
#define HAVE_FCNTL_H 1
#define HAVE_NETDB_H 1
#define HAVE_STDLIB_H 1
#define HAVE_STRINGS_H 1
#define HAVE_SYS_IOCTL_H 1
#define HAVE_SYS_SOCKET_H 1
#define HAVE_SYS_TIME_H 1
#define HAVE_TERMIOS_H 1
#define HAVE_UNISTD_H 1
#define HAVE__BOOL 1
#define HAVE_STDBOOL_H 1
#define TIME_WITH_SYS_TIME 1
#define GETTEXT_PACKAGE "mwget"
#define HAVE_LOCALE_H 1
#define HAVE_LC_MESSAGES 1
#define HAVE_BIND_TEXTDOMAIN_CODESET 1
#define HAVE_GETTEXT 1
#define HAVE_DCGETTEXT 1
#define ENABLE_NLS 1

configure: exit 1
